<?xml version="1.0" encoding="UTF-8"?>
<!-- Generated by org.testng.reporters.JUnitReportReporter -->
<testsuite skipped="0" hostname="DESKTOP-2DR0QON" name="DemoDatadriven.TestDataDriven" tests="4" failures="0" timestamp="2019-09-24T13:34:58 CDT" time="51.519" errors="0">
  <testcase name="testcase" time="14.784" classname="DemoDatadriven.TestDataDriven"/>
  <testcase name="testcase" time="12.866" classname="DemoDatadriven.TestDataDriven"/>
  <testcase name="testcase" time="11.804" classname="DemoDatadriven.TestDataDriven"/>
  <testcase name="testcase" time="12.065" classname="DemoDatadriven.TestDataDriven"/>
</testsuite> <!-- DemoDatadriven.TestDataDriven -->
