<?xml version="1.0" encoding="UTF-8"?>
<!-- Generated by org.testng.reporters.JUnitReportReporter -->
<testsuite skipped="0" hostname="DESKTOP-2DR0QON" name="Testcase.UserPagetest" tests="1" failures="0" timestamp="2019-10-02T00:22:03 CDT" time="6.289" errors="0">
  <testcase name="New_User_upadte" time="6.289" classname="Testcase.UserPagetest"/>
</testsuite> <!-- Testcase.UserPagetest -->
