<?xml version="1.0" encoding="UTF-8"?>
<!-- Generated by org.testng.reporters.JUnitReportReporter -->
<testsuite skipped="0" hostname="DESKTOP-2DR0QON" name="Testcase.Loginpage" tests="1" failures="0" timestamp="2019-09-21T12:50:23 CDT" time="14.910" errors="0">
  <testcase name="loginpagemymethod" time="14.910" classname="Testcase.Loginpage"/>
</testsuite> <!-- Testcase.Loginpage -->
