<?xml version="1.0" encoding="UTF-8"?>
<!-- Generated by org.testng.reporters.JUnitReportReporter -->
<testsuite skipped="0" hostname="DESKTOP-2DR0QON" name="Testcase.Loginpage" tests="1" failures="0" timestamp="2019-09-22T00:39:01 CDT" time="13.937" errors="0">
  <testcase name="loginpagemymethod" time="13.937" classname="Testcase.Loginpage"/>
</testsuite> <!-- Testcase.Loginpage -->
