<?xml version="1.0" encoding="UTF-8"?>
<!-- Generated by org.testng.reporters.JUnitReportReporter -->
<testsuite skipped="0" hostname="DESKTOP-2DR0QON" name="Testcase.Userprofile" tests="1" failures="0" timestamp="2019-09-22T00:51:06 CDT" time="16.026" errors="0">
  <testcase name="usermethod" time="16.026" classname="Testcase.Userprofile"/>
</testsuite> <!-- Testcase.Userprofile -->
