<?xml version="1.0" encoding="UTF-8"?>
<!-- Generated by org.testng.reporters.JUnitReportReporter -->
<testsuite skipped="0" hostname="DESKTOP-2DR0QON" name="Testcase.LoginTest" tests="1" failures="0" timestamp="2019-10-02T00:20:56 CDT" time="4.046" errors="0">
  <testcase name="login_page_test" time="4.046" classname="Testcase.LoginTest"/>
</testsuite> <!-- Testcase.LoginTest -->
